<?xml version="1.0" encoding="UTF-8"?>
<!-- Generated by org.testng.reporters.JUnitReportReporter -->
<testsuite hostname="NGOCHUY" failures="0" tests="5" name="testcase.TC_API_CreateWork" time="0.031" errors="0" timestamp="2023-05-11T18:09:24 ICT" skipped="0">
  <testcase classname="testcase.TC_API_CreateWork" name="TC01_Validate201Created" time="0.001"/>
  <system-out/>
  <testcase classname="testcase.TC_API_CreateWork" name="TC02_ValidateWorkId" time="0.001"/>
  <system-out/>
  <testcase classname="testcase.TC_API_CreateWork" name="TC03_ValidateNameOfWorkMatched" time="0.009"/>
  <system-out/>
  <testcase classname="testcase.TC_API_CreateWork" name="TC03_ValidateExperienceMatched" time="0.010"/>
  <system-out/>
  <testcase classname="testcase.TC_API_CreateWork" name="TC03_ValidateEducationMatched" time="0.010"/>
  <system-out/>
</testsuite> <!-- testcase.TC_API_CreateWork -->
