<?xml version="1.0" encoding="UTF-8"?>
<!-- Generated by org.testng.reporters.JUnitReportReporter -->
<testsuite hostname="NGOCHUY" failures="0" tests="5" name="testcase.TC_API_Login" time="0.040" errors="0" timestamp="2023-05-11T18:09:24 ICT" skipped="0">
  <testcase classname="testcase.TC_API_Login" name="TC01_Validate200Ok" time="0.009"/>
  <system-out/>
  <testcase classname="testcase.TC_API_Login" name="TC02_ValidateMessage" time="0.008"/>
  <system-out/>
  <testcase classname="testcase.TC_API_Login" name="TC03_ValidateToken" time="0.001"/>
  <system-out/>
  <testcase classname="testcase.TC_API_Login" name="TC05_ValidateUserType" time="0.008"/>
  <system-out/>
  <testcase classname="testcase.TC_API_Login" name="TC06_ValidateAccount" time="0.014"/>
  <system-out/>
</testsuite> <!-- testcase.TC_API_Login -->
